composeApp/build/intermediates/manifest_merge_blame_file/debug/manifest-merger-blame-debug-report.txt
1<?xml version="1.0" encoding="utf-8"?>
2<manifest xmlns:android="http://schemas.android.com/apk/res/android"
3    package="com.android.dependencies.chat.android" >
4
5    <uses-sdk
6        android:minSdkVersion="21"
7        android:targetSdkVersion="34" />
8
9    <permission
9-->[androidx.core:core:1.13.0] AndroidManifest.xml:22:5-24:47
10        android:name="com.android.dependencies.chat.android.DYNAMIC_RECEIVER_NOT_EXPORTED_PERMISSION"
10-->[androidx.core:core:1.13.0] AndroidManifest.xml:23:9-81
11        android:protectionLevel="signature" />
11-->[androidx.core:core:1.13.0] AndroidManifest.xml:24:9-44
12
13    <uses-permission android:name="com.android.dependencies.chat.android.DYNAMIC_RECEIVER_NOT_EXPORTED_PERMISSION" />
13-->[androidx.core:core:1.13.0] AndroidManifest.xml:26:5-97
13-->[androidx.core:core:1.13.0] AndroidManifest.xml:26:22-94
14
15    <application
15-->src/androidMain/AndroidManifest.xml:2:2-10:16
16        android:name="com.chat.compose.app.App"
16-->src/androidMain/AndroidManifest.xml:2:15-54
17        android:appComponentFactory="androidx.core.app.CoreComponentFactory"
17-->[androidx.core:core:1.13.0] AndroidManifest.xml:28:18-86
18        android:debuggable="true"
19        android:extractNativeLibs="true"
20        android:icon="@mipmap/ic_launcher"
20-->src/androidMain/AndroidManifest.xml:2:55-89
21        android:testOnly="true" >
22        <activity
22-->src/androidMain/AndroidManifest.xml:4:3-9:14
23            android:name="com.chat.compose.app.MainActivity"
23-->src/androidMain/AndroidManifest.xml:4:13-61
24            android:exported="true" >
24-->src/androidMain/AndroidManifest.xml:4:62-85
25            <intent-filter>
25-->src/androidMain/AndroidManifest.xml:5:4-8:20
26                <action android:name="android.intent.action.MAIN" />
26-->src/androidMain/AndroidManifest.xml:6:5-56
26-->src/androidMain/AndroidManifest.xml:6:13-54
27
28                <category android:name="android.intent.category.LAUNCHER" />
28-->src/androidMain/AndroidManifest.xml:7:5-64
28-->src/androidMain/AndroidManifest.xml:7:15-62
29            </intent-filter>
30        </activity>
31
32        <provider
32-->[androidx.emoji2:emoji2:1.3.0] AndroidManifest.xml:24:9-32:20
33            android:name="androidx.startup.InitializationProvider"
33-->[androidx.emoji2:emoji2:1.3.0] AndroidManifest.xml:25:13-67
34            android:authorities="com.android.dependencies.chat.android.androidx-startup"
34-->[androidx.emoji2:emoji2:1.3.0] AndroidManifest.xml:26:13-68
35            android:exported="false" >
35-->[androidx.emoji2:emoji2:1.3.0] AndroidManifest.xml:27:13-37
36            <meta-data
36-->[androidx.emoji2:emoji2:1.3.0] AndroidManifest.xml:29:13-31:52
37                android:name="androidx.emoji2.text.EmojiCompatInitializer"
37-->[androidx.emoji2:emoji2:1.3.0] AndroidManifest.xml:30:17-75
38                android:value="androidx.startup" />
38-->[androidx.emoji2:emoji2:1.3.0] AndroidManifest.xml:31:17-49
39            <meta-data
39-->[androidx.lifecycle:lifecycle-process:2.6.2] AndroidManifest.xml:29:13-31:52
40                android:name="androidx.lifecycle.ProcessLifecycleInitializer"
40-->[androidx.lifecycle:lifecycle-process:2.6.2] AndroidManifest.xml:30:17-78
41                android:value="androidx.startup" />
41-->[androidx.lifecycle:lifecycle-process:2.6.2] AndroidManifest.xml:31:17-49
42            <meta-data
42-->[androidx.profileinstaller:profileinstaller:1.3.1] AndroidManifest.xml:29:13-31:52
43                android:name="androidx.profileinstaller.ProfileInstallerInitializer"
43-->[androidx.profileinstaller:profileinstaller:1.3.1] AndroidManifest.xml:30:17-85
44                android:value="androidx.startup" />
44-->[androidx.profileinstaller:profileinstaller:1.3.1] AndroidManifest.xml:31:17-49
45        </provider>
46
47        <service
47-->[androidx.room:room-runtime-android:2.7.0-alpha04] AndroidManifest.xml:24:9-28:63
48            android:name="androidx.room.MultiInstanceInvalidationService"
48-->[androidx.room:room-runtime-android:2.7.0-alpha04] AndroidManifest.xml:25:13-74
49            android:directBootAware="true"
49-->[androidx.room:room-runtime-android:2.7.0-alpha04] AndroidManifest.xml:26:13-43
50            android:exported="false" />
50-->[androidx.room:room-runtime-android:2.7.0-alpha04] AndroidManifest.xml:27:13-37
51
52        <receiver
52-->[androidx.profileinstaller:profileinstaller:1.3.1] AndroidManifest.xml:34:9-52:20
53            android:name="androidx.profileinstaller.ProfileInstallReceiver"
53-->[androidx.profileinstaller:profileinstaller:1.3.1] AndroidManifest.xml:35:13-76
54            android:directBootAware="false"
54-->[androidx.profileinstaller:profileinstaller:1.3.1] AndroidManifest.xml:36:13-44
55            android:enabled="true"
55-->[androidx.profileinstaller:profileinstaller:1.3.1] AndroidManifest.xml:37:13-35
56            android:exported="true"
56-->[androidx.profileinstaller:profileinstaller:1.3.1] AndroidManifest.xml:38:13-36
57            android:permission="android.permission.DUMP" >
57-->[androidx.profileinstaller:profileinstaller:1.3.1] AndroidManifest.xml:39:13-57
58            <intent-filter>
58-->[androidx.profileinstaller:profileinstaller:1.3.1] AndroidManifest.xml:40:13-42:29
59                <action android:name="androidx.profileinstaller.action.INSTALL_PROFILE" />
59-->[androidx.profileinstaller:profileinstaller:1.3.1] AndroidManifest.xml:41:17-91
59-->[androidx.profileinstaller:profileinstaller:1.3.1] AndroidManifest.xml:41:25-88
60            </intent-filter>
61            <intent-filter>
61-->[androidx.profileinstaller:profileinstaller:1.3.1] AndroidManifest.xml:43:13-45:29
62                <action android:name="androidx.profileinstaller.action.SKIP_FILE" />
62-->[androidx.profileinstaller:profileinstaller:1.3.1] AndroidManifest.xml:44:17-85
62-->[androidx.profileinstaller:profileinstaller:1.3.1] AndroidManifest.xml:44:25-82
63            </intent-filter>
64            <intent-filter>
64-->[androidx.profileinstaller:profileinstaller:1.3.1] AndroidManifest.xml:46:13-48:29
65                <action android:name="androidx.profileinstaller.action.SAVE_PROFILE" />
65-->[androidx.profileinstaller:profileinstaller:1.3.1] AndroidManifest.xml:47:17-88
65-->[androidx.profileinstaller:profileinstaller:1.3.1] AndroidManifest.xml:47:25-85
66            </intent-filter>
67            <intent-filter>
67-->[androidx.profileinstaller:profileinstaller:1.3.1] AndroidManifest.xml:49:13-51:29
68                <action android:name="androidx.profileinstaller.action.BENCHMARK_OPERATION" />
68-->[androidx.profileinstaller:profileinstaller:1.3.1] AndroidManifest.xml:50:17-95
68-->[androidx.profileinstaller:profileinstaller:1.3.1] AndroidManifest.xml:50:25-92
69            </intent-filter>
70        </receiver>
71    </application>
72
73</manifest>